Performing C SOURCE FILE Test CMAKE_HAVE_LIBC_PTHREAD failed with the following output:
Change Dir: /home/ekaterina/threadPool/build/CMakeFiles/CMakeTmp

Run Build Command(s):/usr/bin/make -f Makefile cmTC_dd25e/fast && /usr/bin/make  -f CMakeFiles/cmTC_dd25e.dir/build.make CMakeFiles/cmTC_dd25e.dir/build
make[1]: вход в каталог «/home/ekaterina/threadPool/build/CMakeFiles/CMakeTmp»
Building C object CMakeFiles/cmTC_dd25e.dir/src.c.o
/usr/bin/gcc -DCMAKE_HAVE_LIBC_PTHREAD   -o CMakeFiles/cmTC_dd25e.dir/src.c.o -c /home/ekaterina/threadPool/build/CMakeFiles/CMakeTmp/src.c
Linking C executable cmTC_dd25e
/snap/cmake/1186/bin/cmake -E cmake_link_script CMakeFiles/cmTC_dd25e.dir/link.txt --verbose=1
/usr/bin/gcc CMakeFiles/cmTC_dd25e.dir/src.c.o -o cmTC_dd25e 
CMakeFiles/cmTC_dd25e.dir/src.c.o: In function `main':
src.c:(.text+0x3e): undefined reference to `pthread_create'
src.c:(.text+0x4a): undefined reference to `pthread_detach'
src.c:(.text+0x56): undefined reference to `pthread_cancel'
src.c:(.text+0x67): undefined reference to `pthread_join'
src.c:(.text+0x7b): undefined reference to `pthread_atfork'
collect2: error: ld returned 1 exit status
CMakeFiles/cmTC_dd25e.dir/build.make:98: recipe for target 'cmTC_dd25e' failed
make[1]: *** [cmTC_dd25e] Error 1
make[1]: выход из каталога «/home/ekaterina/threadPool/build/CMakeFiles/CMakeTmp»
Makefile:127: recipe for target 'cmTC_dd25e/fast' failed
make: *** [cmTC_dd25e/fast] Error 2


Source file was:
#include <pthread.h>

static void* test_func(void* data)
{
  return data;
}

int main(void)
{
  pthread_t thread;
  pthread_create(&thread, NULL, test_func, NULL);
  pthread_detach(thread);
  pthread_cancel(thread);
  pthread_join(thread, NULL);
  pthread_atfork(NULL, NULL, NULL);
  pthread_exit(NULL);

  return 0;
}

Determining if the function pthread_create exists in the pthreads failed with the following output:
Change Dir: /home/ekaterina/threadPool/build/CMakeFiles/CMakeTmp

Run Build Command(s):/usr/bin/make -f Makefile cmTC_02d34/fast && /usr/bin/make  -f CMakeFiles/cmTC_02d34.dir/build.make CMakeFiles/cmTC_02d34.dir/build
make[1]: вход в каталог «/home/ekaterina/threadPool/build/CMakeFiles/CMakeTmp»
Building C object CMakeFiles/cmTC_02d34.dir/CheckFunctionExists.c.o
/usr/bin/gcc   -DCHECK_FUNCTION_EXISTS=pthread_create -o CMakeFiles/cmTC_02d34.dir/CheckFunctionExists.c.o -c /snap/cmake/1186/share/cmake-3.24/Modules/CheckFunctionExists.c
Linking C executable cmTC_02d34
/snap/cmake/1186/bin/cmake -E cmake_link_script CMakeFiles/cmTC_02d34.dir/link.txt --verbose=1
/usr/bin/gcc  -DCHECK_FUNCTION_EXISTS=pthread_create CMakeFiles/cmTC_02d34.dir/CheckFunctionExists.c.o -o cmTC_02d34  -lpthreads 
/usr/bin/ld: cannot find -lpthreads
collect2: error: ld returned 1 exit status
CMakeFiles/cmTC_02d34.dir/build.make:98: recipe for target 'cmTC_02d34' failed
make[1]: *** [cmTC_02d34] Error 1
make[1]: выход из каталога «/home/ekaterina/threadPool/build/CMakeFiles/CMakeTmp»
Makefile:127: recipe for target 'cmTC_02d34/fast' failed
make: *** [cmTC_02d34/fast] Error 2



